<?xml version="1.0" encoding="UTF-8"?>
<testng-results ignored="0" total="1" passed="1" failed="0" skipped="0">
  <reporter-output>
  </reporter-output>
  <suite started-at="2024-03-16T02:34:49 EET" name="Default suite" finished-at="2024-03-16T02:34:51 EET" duration-ms="1658">
    <groups>
    </groups>
    <test started-at="2024-03-16T02:34:49 EET" name="Default test" finished-at="2024-03-16T02:34:51 EET" duration-ms="1658">
      <class name="projectOne.MyClass">
        <test-method is-config="true" signature="MyBeforeTest()[pri:0, instance:projectOne.MyClass@3a94964]" started-at="2024-03-16T02:34:49 EET" name="MyBeforeTest" finished-at="2024-03-16T02:34:50 EET" duration-ms="1077" status="PASS">
          <reporter-output>
          </reporter-output>
        </test-method> <!-- MyBeforeTest -->
        <test-method signature="CheckTheWebsiteTitle()[pri:0, instance:projectOne.MyClass@3a94964]" started-at="2024-03-16T02:34:50 EET" name="CheckTheWebsiteTitle" finished-at="2024-03-16T02:34:51 EET" duration-ms="537" status="PASS">
          <reporter-output>
          </reporter-output>
        </test-method> <!-- CheckTheWebsiteTitle -->
      </class> <!-- projectOne.MyClass -->
    </test> <!-- Default test -->
  </suite> <!-- Default suite -->
</testng-results>
